<?xml version="1.0" encoding="UTF-8"?>
<testng-results skipped="0" failed="0" ignored="0" total="2" passed="2">
  <reporter-output>
  </reporter-output>
  <suite name="Surefire suite" duration-ms="17281" started-at="2021-05-27T08:08:39Z" finished-at="2021-05-27T08:08:57Z">
    <groups>
    </groups>
    <test name="Surefire test" duration-ms="17281" started-at="2021-05-27T08:08:39Z" finished-at="2021-05-27T08:08:57Z">
      <class name="org.example.DemoTest">
        <test-method status="PASS" signature="setUp()[pri:0, instance:org.example.DemoTest@5315b42e]" name="setUp" is-config="true" duration-ms="9036" started-at="2021-05-27T08:08:39Z" finished-at="2021-05-27T08:08:48Z">
          <reporter-output>
          </reporter-output>
        </test-method> <!-- setUp -->
        <test-method status="PASS" signature="flightTest(java.util.HashMap)[pri:0, instance:org.example.DemoTest@5315b42e]" name="flightTest" duration-ms="5347" started-at="2021-05-27T08:08:49Z" data-provider="getData" finished-at="2021-05-27T08:08:54Z">
          <params>
            <param index="0">
              <value>
                <![CDATA[{destination=HYD, destination2=BLR, origin=MAA}]]>
              </value>
            </param>
          </params>
          <reporter-output>
          </reporter-output>
        </test-method> <!-- flightTest -->
        <test-method status="PASS" signature="flightTest(java.util.HashMap)[pri:0, instance:org.example.DemoTest@5315b42e]" name="flightTest" duration-ms="1693" started-at="2021-05-27T08:08:54Z" data-provider="getData" finished-at="2021-05-27T08:08:56Z">
          <params>
            <param index="0">
              <value>
                <![CDATA[{destination=BLR, destination2=MAA, origin=HYD}]]>
              </value>
            </param>
          </params>
          <reporter-output>
          </reporter-output>
        </test-method> <!-- flightTest -->
        <test-method status="PASS" signature="afterTest()[pri:0, instance:org.example.DemoTest@5315b42e]" name="afterTest" is-config="true" duration-ms="1166" started-at="2021-05-27T08:08:56Z" finished-at="2021-05-27T08:08:57Z">
          <reporter-output>
          </reporter-output>
        </test-method> <!-- afterTest -->
      </class> <!-- org.example.DemoTest -->
    </test> <!-- Surefire test -->
  </suite> <!-- Surefire suite -->
</testng-results>
